SF:lib\src\utils\date_format.dart
DA:6,1
DA:7,1
DA:8,6
DA:9,6
DA:11,1
LF:5
LH:5
end_of_record
SF:lib\src\data\modelos\user.dart
DA:10,4
DA:20,8
LF:2
LH:2
end_of_record
SF:lib\src\helpers\get.dart
DA:10,11
DA:11,33
DA:18,11
DA:20,22
DA:22,11
DA:26,11
DA:27,11
DA:29,22
DA:34,1
DA:35,1
DA:37,2
DA:41,10
DA:42,10
DA:44,20
DA:49,20
DA:53,1
DA:55,2
DA:56,2
DA:58,3
DA:59,1
DA:70,2
DA:74,3
DA:75,3
DA:77,6
DA:81,1
DA:82,1
DA:84,2
DA:85,2
DA:96,11
DA:97,22
DA:98,22
DA:103,10
DA:104,20
DA:105,20
LF:34
LH:34
end_of_record
SF:lib\src\data\providers\local\preferences_provider.dart
DA:14,10
DA:17,1
DA:18,3
DA:22,1
DA:24,2
LF:5
LH:5
end_of_record
SF:lib\src\data\repositorios\account_repository.dart
DA:12,10
DA:14,2
DA:15,4
LF:3
LH:3
end_of_record
SF:lib\src\data\repositorios\authentication_repo.dart
DA:26,10
DA:27,1
DA:29,2
DA:32,1
DA:34,2
DA:37,2
DA:39,4
DA:43,2
DA:45,2
DA:46,2
DA:50,2
DA:51,4
DA:54,0
DA:56,0
LF:14
LH:12
end_of_record
SF:lib\src\data\repositorios\food_menu_repo.dart
DA:15,9
DA:16,3
DA:18,6
LF:3
LH:3
end_of_record
SF:lib\src\data\repositorios\preferences_repository.dart
DA:15,10
DA:18,1
DA:20,2
DA:23,1
DA:24,2
LF:5
LH:5
end_of_record
SF:lib\src\data\repositorios\websocket_repository.dart
DA:22,9
DA:23,4
DA:26,8
DA:29,4
DA:30,8
DA:32,0
DA:34,0
LF:7
LH:5
end_of_record
SF:lib\src\data\providers\local\authentication_client.dart
DA:14,1
DA:17,1
DA:18,3
DA:22,0
DA:23,0
DA:27,1
DA:28,2
LF:7
LH:5
end_of_record
SF:lib\src\data\providers\remote\account_provider.dart
DA:8,1
DA:10,1
DA:11,2
DA:15,0
DA:18,2
DA:19,1
DA:24,1
LF:7
LH:6
end_of_record
SF:lib\src\data\providers\remote\authentication_provider.dart
DA:6,0
DA:7,0
DA:8,0
DA:10,0
DA:25,0
DA:26,0
DA:31,0
DA:33,0
LF:8
LH:0
end_of_record
SF:lib\src\data\modelos\platillo.dart
DA:12,5
DA:32,3
DA:34,3
DA:35,3
DA:36,3
DA:37,3
DA:38,3
DA:39,3
DA:40,3
LF:9
LH:9
end_of_record
SF:lib\src\data\providers\remote\food_menu_prodiver.dart
DA:11,0
DA:12,0
DA:16,0
DA:18,0
DA:21,0
DA:22,0
DA:24,0
DA:25,0
DA:26,0
DA:28,0
DA:29,0
DA:30,0
DA:32,0
DA:34,0
LF:14
LH:0
end_of_record
SF:lib\src\data\modelos\notification.dart
DA:9,4
LF:1
LH:1
end_of_record
SF:lib\src\data\providers\remote\websocket_provider.dart
DA:9,0
DA:10,0
DA:16,0
DA:17,0
DA:18,0
DA:28,0
DA:29,0
DA:30,0
DA:31,0
DA:33,0
DA:35,0
DA:36,0
DA:37,0
DA:38,0
DA:39,0
DA:40,0
DA:42,0
DA:47,0
DA:48,0
DA:51,0
DA:52,0
DA:55,0
DA:58,0
DA:60,0
LF:24
LH:0
end_of_record
SF:lib\src\ui\global_widgets\rounded_button.dart
DA:18,4
DA:30,4
DA:32,4
DA:34,4
DA:35,4
DA:36,4
DA:37,4
DA:38,4
DA:39,4
DA:40,4
DA:41,8
DA:43,4
DA:44,4
DA:46,8
DA:48,4
DA:49,4
DA:55,4
LF:17
LH:17
end_of_record
SF:lib\src\ui\pages\register\register_controller.dart
DA:18,2
DA:19,2
DA:20,2
DA:22,1
DA:23,1
DA:26,1
DA:27,1
DA:30,1
DA:31,1
DA:34,1
DA:35,2
DA:36,1
DA:37,2
DA:38,1
DA:39,1
DA:40,1
DA:41,1
LF:17
LH:17
end_of_record
SF:lib\src\ui\pages\register\register_page.dart
DA:8,2
DA:10,1
DA:12,1
DA:13,2
DA:14,1
DA:16,1
DA:17,2
DA:18,1
DA:19,1
DA:20,1
DA:23,1
DA:25,0
DA:28,1
DA:29,1
DA:30,0
DA:31,1
DA:32,1
DA:35,1
DA:37,5
DA:39,1
DA:40,1
DA:42,1
DA:44,2
DA:49,1
DA:51,2
LF:25
LH:23
end_of_record
SF:lib\src\ui\global_widgets\custom_form.dart
DA:9,1
DA:11,1
DA:13,1
DA:14,1
DA:17,2
DA:18,2
DA:25,1
DA:28,2
DA:32,1
DA:33,2
DA:36,1
DA:37,2
DA:40,1
DA:42,4
DA:43,2
DA:44,1
LF:16
LH:16
end_of_record
SF:lib\src\ui\global_widgets\input_text.dart
DA:19,2
DA:29,2
DA:31,2
DA:32,2
DA:42,2
DA:44,2
DA:46,2
DA:47,6
DA:50,6
DA:51,6
DA:52,2
DA:53,1
DA:54,2
DA:60,2
DA:65,6
DA:66,2
DA:67,2
DA:69,2
DA:72,2
DA:74,2
DA:77,2
DA:79,2
DA:80,2
DA:81,2
DA:82,4
DA:84,4
DA:85,2
DA:87,4
DA:88,4
DA:89,4
DA:90,0
DA:93,0
DA:94,0
DA:96,2
DA:98,2
DA:106,2
DA:107,4
DA:108,8
DA:110,4
DA:112,4
DA:113,6
DA:119,0
DA:120,0
DA:121,0
LF:44
LH:38
end_of_record
SF:lib\src\utils\font_styles.dart
DA:7,0
DA:9,18
DA:14,18
DA:18,9
LF:4
LH:3
end_of_record
SF:lib\src\ui\pages\register\widgets\register_form.dart
DA:14,10
DA:16,1
DA:18,1
DA:19,1
DA:21,1
DA:22,1
DA:25,1
DA:26,1
DA:27,1
DA:34,1
DA:35,1
DA:36,3
DA:42,1
DA:49,1
DA:50,1
DA:51,3
DA:57,1
DA:64,1
DA:66,1
DA:67,1
DA:71,1
DA:74,1
DA:77,1
DA:78,1
DA:88,1
DA:89,1
DA:90,3
DA:91,2
DA:94,1
DA:95,2
DA:96,1
DA:98,0
DA:108,2
DA:115,1
DA:140,1
LF:35
LH:34
end_of_record
SF:lib\src\utils\dialogs.dart
DA:7,2
DA:9,2
DA:12,0
DA:13,0
DA:14,0
DA:29,2
DA:37,2
DA:40,4
DA:41,0
DA:42,2
DA:44,2
DA:45,2
DA:46,2
DA:47,2
DA:49,2
DA:50,2
DA:59,0
DA:66,0
DA:69,0
DA:71,0
DA:72,0
DA:73,0
DA:74,0
DA:75,0
DA:76,0
DA:77,0
DA:78,0
DA:81,0
DA:83,0
DA:84,0
DA:90,0
LF:31
LH:12
end_of_record
SF:lib\src\data\modelos\onboard_item.dart
DA:4,1
DA:11,2
LF:2
LH:2
end_of_record
SF:lib\src\ui\pages\onboard\onboard_controller.dart
DA:26,2
DA:29,1
DA:30,3
DA:31,2
DA:32,1
DA:33,1
DA:45,1
DA:47,2
DA:48,1
LF:9
LH:9
end_of_record
SF:lib\src\ui\pages\onboard\onboard_page.dart
DA:14,1
DA:16,1
DA:21,1
DA:24,1
DA:25,1
DA:27,3
DA:28,1
DA:32,2
DA:33,1
DA:34,1
DA:36,1
LF:11
LH:11
end_of_record
SF:lib\src\ui\pages\onboard\widgets\botton_controls.dart
DA:13,11
DA:15,0
DA:17,1
DA:19,1
DA:21,1
DA:23,1
DA:25,1
DA:26,1
DA:27,1
DA:28,3
DA:29,1
DA:30,1
DA:32,2
DA:36,1
DA:37,1
DA:38,1
DA:41,1
DA:51,1
DA:53,2
DA:54,1
DA:58,2
DA:59,1
DA:67,11
DA:69,1
DA:72,1
DA:74,1
DA:76,2
DA:77,1
DA:78,1
DA:81,1
DA:83,1
DA:84,1
LF:32
LH:31
end_of_record
SF:lib\src\ui\pages\onboard\widgets\slider.dart
DA:11,11
DA:13,1
DA:15,1
DA:17,1
DA:18,1
DA:20,1
DA:21,4
DA:22,2
DA:23,1
DA:25,1
DA:26,1
DA:27,1
DA:28,2
DA:30,1
DA:31,1
DA:33,1
DA:37,1
DA:38,1
DA:40,1
LF:19
LH:19
end_of_record
SF:lib\src\ui\pages\plato\dish_detail_controller.dart
DA:19,3
DA:20,3
DA:21,3
DA:26,3
DA:28,3
DA:29,6
DA:31,3
DA:37,6
DA:40,2
DA:42,6
DA:47,2
DA:48,4
DA:49,2
DA:60,3
LF:14
LH:14
end_of_record
SF:lib\src\ui\pages\forgot_password\forgot_password_controller.dart
DA:10,4
DA:17,2
DA:18,2
DA:22,2
DA:23,4
DA:24,6
LF:6
LH:6
end_of_record
SF:lib\src\ui\global_widgets\dish_counter.dart
DA:9,4
DA:15,2
DA:21,4
DA:22,2
DA:24,2
DA:25,2
DA:32,2
DA:34,2
DA:35,6
DA:38,2
DA:40,6
DA:44,2
DA:46,2
DA:48,2
DA:49,2
DA:50,2
DA:53,2
DA:54,2
DA:55,1
DA:56,3
DA:59,2
DA:60,10
DA:61,2
DA:62,2
DA:63,2
DA:66,2
DA:67,2
DA:68,1
DA:69,3
DA:78,1
DA:80,1
DA:81,1
DA:82,2
DA:83,4
LF:34
LH:34
end_of_record
SF:lib\src\ui\pages\home\tabs\home_tab\widgets\horizontal_dishes.dart
DA:21,3
DA:30,3
DA:32,3
DA:35,3
DA:37,3
DA:38,3
DA:39,3
DA:41,3
DA:43,3
DA:44,9
DA:45,3
DA:48,3
DA:49,6
DA:50,3
DA:55,3
DA:56,3
DA:57,3
DA:59,3
DA:60,6
DA:61,3
DA:63,3
DA:65,3
DA:69,6
DA:84,3
DA:90,3
DA:92,3
DA:94,3
DA:95,3
DA:96,3
DA:98,6
DA:99,3
DA:101,2
DA:102,2
DA:104,3
DA:105,3
DA:106,3
DA:109,15
DA:110,3
DA:112,3
DA:113,6
DA:118,3
DA:121,3
DA:125,3
DA:126,6
DA:127,3
DA:129,3
DA:132,3
DA:133,3
DA:134,3
DA:135,3
DA:136,3
DA:139,3
DA:142,3
DA:144,3
DA:145,3
DA:146,6
DA:147,6
DA:149,3
DA:151,3
DA:153,3
DA:154,3
DA:156,3
DA:157,3
DA:158,3
DA:159,15
DA:163,6
DA:164,0
DA:165,0
DA:166,0
DA:168,0
DA:170,0
DA:171,0
DA:172,0
DA:177,0
DA:178,0
DA:179,0
DA:197,2
DA:198,6
DA:200,4
DA:201,2
DA:206,12
LF:81
LH:71
end_of_record
SF:lib\src\ui\pages\plato\dish_detail_page.dart
DA:22,2
DA:24,2
DA:26,2
DA:27,2
DA:29,4
DA:34,6
DA:35,6
DA:37,4
DA:38,2
DA:39,2
DA:41,4
DA:43,2
DA:47,2
DA:50,2
DA:68,2
DA:71,2
DA:72,2
DA:73,2
DA:74,2
DA:75,4
DA:80,2
DA:81,2
DA:82,2
DA:85,2
DA:87,2
DA:88,2
DA:90,2
DA:92,2
DA:93,2
DA:95,2
DA:96,2
DA:97,2
DA:98,2
DA:100,2
DA:101,4
DA:102,4
DA:107,2
DA:108,2
DA:110,2
DA:111,2
DA:112,2
DA:116,2
DA:118,1
DA:119,1
DA:129,2
DA:130,2
DA:131,4
DA:132,2
DA:134,2
DA:135,2
DA:136,2
DA:151,2
DA:152,2
DA:156,1
DA:157,1
DA:158,2
DA:159,1
DA:162,1
DA:163,1
DA:164,1
DA:167,2
DA:169,1
DA:170,2
LF:63
LH:63
end_of_record
SF:lib\src\ui\global_controllers\my_cart_controller.dart
DA:7,2
DA:11,0
DA:12,0
DA:13,0
DA:14,0
DA:15,0
DA:18,9
DA:21,1
DA:22,2
DA:23,2
DA:24,1
DA:27,1
DA:32,0
DA:33,0
DA:35,0
DA:37,0
DA:38,0
DA:39,0
DA:44,2
DA:45,6
DA:49,2
DA:50,2
DA:51,0
LF:23
LH:11
end_of_record
SF:lib\src\ui\pages\home\home_page.dart
DA:19,3
DA:38,3
DA:41,3
DA:42,3
DA:43,3
DA:44,6
DA:48,3
DA:49,3
DA:50,3
DA:52,6
DA:54,9
DA:55,3
DA:59,6
DA:60,12
DA:63,3
DA:64,3
DA:66,3
DA:68,3
DA:70,3
DA:100,3
DA:102,3
DA:104,3
LF:22
LH:22
end_of_record
SF:lib\src\data\modelos\category.dart
DA:5,3
DA:10,6
LF:2
LH:2
end_of_record
SF:lib\src\ui\global_controllers\notification_controller.dart
DA:19,8
DA:23,8
DA:24,4
DA:27,4
DA:28,4
DA:31,20
DA:35,4
DA:36,4
DA:37,12
DA:39,16
DA:40,4
DA:44,0
DA:45,0
DA:48,3
DA:50,3
DA:51,6
DA:52,6
DA:53,3
LF:18
LH:16
end_of_record
SF:lib\src\ui\pages\home\home_controller.dart
DA:21,4
DA:22,4
DA:32,8
DA:42,8
DA:48,4
DA:53,3
DA:54,9
DA:59,4
DA:60,8
DA:66,4
DA:68,8
DA:71,20
DA:72,4
DA:73,8
DA:74,8
DA:75,12
DA:79,4
DA:81,4
DA:83,9
DA:85,3
DA:86,1
DA:99,2
DA:103,4
DA:105,6
DA:107,2
DA:109,4
DA:111,2
DA:112,2
DA:116,1
DA:120,2
DA:122,3
DA:124,2
DA:125,1
DA:126,1
DA:153,4
DA:154,11
DA:155,8
DA:157,4
DA:158,8
DA:161,4
DA:162,4
DA:165,4
DA:167,4
DA:177,4
DA:180,4
DA:181,12
LF:46
LH:46
end_of_record
SF:lib\src\ui\pages\home\tabs\fav_tab\favorites_tab.dart
DA:8,4
DA:10,1
DA:11,1
DA:17,1
DA:19,1
DA:23,3
DA:24,1
DA:25,1
DA:29,1
DA:30,0
DA:31,0
DA:33,1
DA:37,1
LF:13
LH:11
end_of_record
SF:lib\src\ui\pages\home\tabs\home_tab\home_tab.dart
DA:15,4
DA:17,3
DA:18,3
DA:24,3
DA:26,3
DA:27,3
DA:32,3
DA:33,3
DA:34,3
DA:36,9
DA:37,3
DA:41,3
DA:44,3
DA:45,3
DA:47,3
DA:49,3
DA:51,3
DA:53,3
DA:54,3
DA:56,3
DA:58,6
DA:61,3
DA:66,3
DA:68,6
DA:69,6
DA:70,3
DA:71,3
DA:74,0
DA:79,6
DA:80,6
DA:81,3
DA:82,3
DA:85,0
DA:96,3
LF:34
LH:32
end_of_record
SF:lib\src\ui\pages\home\tabs\notifications_tab\noficications_tab.dart
DA:10,4
DA:12,0
DA:13,0
DA:19,0
DA:22,0
DA:23,0
DA:25,0
DA:26,0
DA:27,0
DA:28,0
DA:30,0
DA:37,0
DA:41,0
LF:13
LH:1
end_of_record
SF:lib\src\ui\pages\home\tabs\profile_tab\profile_tab.dart
DA:21,4
DA:24,0
DA:25,0
DA:27,0
DA:28,0
DA:29,0
DA:30,0
DA:31,0
DA:32,0
DA:33,0
DA:35,0
DA:39,0
DA:41,0
DA:42,0
DA:45,0
DA:46,0
DA:47,0
DA:48,0
DA:50,0
DA:51,0
DA:59,0
DA:60,0
DA:61,0
DA:63,0
DA:64,0
DA:66,0
DA:68,0
DA:73,0
DA:75,0
DA:76,0
DA:78,0
DA:83,0
DA:86,0
DA:95,0
DA:98,0
DA:99,0
DA:101,0
DA:106,0
DA:109,0
DA:115,0
DA:116,0
DA:117,0
DA:118,0
DA:119,0
DA:120,0
DA:121,0
DA:123,0
DA:124,0
DA:127,0
DA:128,0
DA:129,0
DA:130,0
DA:132,0
DA:133,0
DA:139,0
DA:140,0
DA:141,0
DA:142,0
DA:143,0
DA:144,0
DA:145,0
DA:147,0
DA:148,0
DA:151,0
DA:152,0
DA:153,0
DA:154,0
DA:155,0
DA:158,0
DA:159,0
DA:161,0
LF:71
LH:1
end_of_record
SF:lib\src\ui\pages\home\widgets\my_cart_button.dart
DA:13,3
DA:15,3
DA:17,3
DA:20,9
DA:22,3
DA:25,3
DA:26,1
DA:27,1
DA:28,1
DA:30,0
DA:31,0
DA:33,1
DA:39,1
DA:41,1
DA:44,1
DA:46,1
DA:47,2
DA:48,1
LF:18
LH:16
end_of_record
SF:lib\src\ui\pages\home\widgets\home_button_bar.dart
DA:13,6
DA:31,3
DA:33,3
DA:35,9
DA:37,3
DA:38,6
DA:40,3
DA:41,3
DA:43,3
DA:44,3
DA:45,3
DA:46,9
DA:47,3
DA:48,3
DA:49,3
DA:67,3
DA:72,3
DA:74,3
DA:77,3
DA:79,3
DA:80,3
DA:81,3
DA:82,6
DA:85,3
DA:87,3
DA:88,6
DA:91,3
DA:93,3
DA:100,3
DA:101,9
DA:103,9
DA:104,3
DA:106,3
DA:107,9
DA:108,3
LF:35
LH:35
end_of_record
SF:lib\src\ui\pages\home\tabs\fav_tab\widgets\favorite_item.dart
DA:15,0
DA:19,0
DA:21,0
DA:24,0
DA:41,0
DA:42,0
DA:43,0
DA:44,0
DA:45,0
DA:49,0
DA:50,0
DA:55,0
DA:56,0
DA:57,0
DA:59,0
DA:67,0
DA:68,0
DA:69,0
DA:71,0
DA:73,0
DA:74,0
DA:75,0
DA:82,0
DA:83,0
DA:85,0
DA:87,0
DA:88,0
DA:89,0
DA:90,0
DA:92,0
DA:93,0
DA:94,0
DA:95,0
DA:96,0
DA:98,0
DA:99,0
DA:104,0
DA:105,0
DA:106,0
DA:107,0
DA:122,0
DA:124,0
DA:125,0
LF:43
LH:0
end_of_record
SF:lib\src\ui\pages\home\tabs\home_tab\home_tab_controller.dart
DA:23,6
DA:26,3
DA:27,3
DA:30,3
DA:32,12
DA:33,3
DA:37,3
DA:40,3
LF:8
LH:8
end_of_record
SF:lib\src\ui\pages\home\tabs\home_tab\widgets\categorias_menu.dart
DA:12,6
DA:14,3
DA:16,3
DA:18,3
DA:21,3
DA:23,12
DA:24,6
DA:25,3
DA:27,3
DA:37,3
DA:41,3
DA:46,3
DA:48,3
DA:49,6
DA:50,3
DA:55,3
DA:56,3
DA:57,3
DA:59,3
DA:64,3
DA:66,3
DA:67,3
DA:68,3
DA:69,3
DA:70,6
DA:75,3
DA:76,3
DA:77,6
DA:78,6
DA:84,0
LF:30
LH:29
end_of_record
SF:lib\src\ui\pages\home\tabs\home_tab\widgets\search_button.dart
DA:8,3
DA:10,3
DA:12,3
DA:14,3
DA:16,3
DA:17,3
DA:18,3
DA:19,3
DA:20,3
DA:26,3
DA:28,6
DA:32,0
LF:12
LH:11
end_of_record
SF:lib\src\ui\pages\home\tabs\notifications_tab\widgets\notification_item.dart
DA:14,0
DA:16,0
DA:18,0
DA:19,0
DA:21,0
DA:23,0
DA:25,0
DA:27,0
DA:28,0
DA:30,0
DA:31,0
DA:32,0
DA:34,0
DA:35,0
DA:36,0
DA:37,0
DA:41,0
DA:42,0
DA:43,0
DA:45,0
LF:20
LH:0
end_of_record
SF:lib\src\ui\pages\home\widgets\home_indicator.dart
DA:13,3
DA:17,3
DA:19,9
DA:27,3
DA:28,3
DA:34,3
DA:35,6
DA:36,6
DA:37,6
DA:38,21
DA:39,9
LF:11
LH:11
end_of_record
SF:lib\src\ui\pages\plato\widgets\button_addto_cart.dart
DA:10,4
DA:12,2
DA:18,2
DA:19,6
DA:20,2
DA:21,2
DA:24,2
DA:26,1
DA:27,1
DA:36,1
DA:38,1
DA:40,1
DA:42,2
DA:44,2
DA:46,1
DA:47,1
DA:52,2
LF:17
LH:17
end_of_record
SF:lib\src\ui\pages\plato\widgets\dish_header.dart
DA:10,4
DA:12,2
DA:14,2
DA:15,2
DA:16,2
DA:18,2
DA:19,2
DA:20,2
DA:23,2
DA:24,2
DA:25,2
DA:26,2
DA:27,2
DA:28,4
DA:32,2
DA:36,2
DA:38,2
DA:40,2
DA:43,2
DA:45,2
DA:46,2
DA:47,2
DA:48,2
DA:57,2
DA:60,2
DA:61,2
DA:63,2
DA:64,2
DA:65,2
DA:70,0
LF:30
LH:29
end_of_record
SF:lib\src\ui\pages\forgot_password\forgot_password_page.dart
DA:9,1
DA:11,1
DA:13,1
DA:14,2
DA:15,1
DA:17,1
DA:18,2
DA:19,1
DA:21,1
DA:22,1
DA:25,1
DA:27,0
DA:30,1
DA:31,1
DA:32,1
DA:33,0
DA:34,1
DA:37,1
DA:39,5
DA:41,1
DA:43,1
DA:45,1
DA:47,2
DA:51,1
DA:53,1
DA:55,2
LF:26
LH:24
end_of_record
SF:lib\src\ui\pages\forgot_password\widgets\form_forgot_password.dart
DA:12,1
DA:14,1
DA:16,1
DA:17,1
DA:20,1
DA:21,1
DA:23,1
DA:28,1
DA:32,1
DA:34,1
DA:36,1
DA:42,1
DA:44,1
DA:45,1
DA:46,1
DA:57,1
DA:59,1
DA:61,2
DA:62,1
DA:63,2
DA:64,1
DA:67,2
DA:70,2
DA:73,0
DA:75,0
DA:77,0
DA:79,0
DA:85,1
DA:87,1
LF:29
LH:25
end_of_record
SF:lib\src\ui\pages\login\login_controller.dart
DA:19,2
DA:20,2
DA:29,1
DA:30,1
DA:33,1
DA:34,1
DA:38,1
DA:41,5
DA:44,3
DA:45,2
LF:10
LH:10
end_of_record
SF:lib\src\ui\pages\splash\splash_controller.dart
DA:17,1
DA:18,2
DA:20,2
DA:23,3
DA:26,1
DA:27,2
DA:32,2
DA:33,2
DA:35,1
DA:36,2
LF:10
LH:10
end_of_record
